<?xml version="1.0" encoding="UTF-8"?>
<!-- Generated by org.testng.reporters.JUnitReportReporter -->
<testsuite hostname="FVFHXGXCQ6LR" failures="0" tests="3" name="basic1.maven" time="0.046" errors="0" timestamp="2023-05-02T16:12:20 IST" skipped="0">
  <testcase classname="basic1.maven" name="GetWindowHandler" time="0.008"/>
  <system-out/>
  <testcase classname="basic1.maven" name="GetTitle" time="0.026"/>
  <system-out/>
  <testcase classname="basic1.maven" name="GetURL" time="0.012"/>
  <system-out/>
</testsuite> <!-- basic1.maven -->
